<?xml version="1.0" encoding="UTF-8"?>
<testsuites name="test1" time="89" tests="3" failures="0" errors="0">
   <testsuite name="test1" tests="3" failures="0" errors="0" time="89" timestamp="2018-11-07 21:21:52" hostname="bertrandbatoge - 192.168.0.17" id="Test Suites/test1">
      <properties>
         <property name="deviceName" value=""/>
         <property name="devicePlatform" value=""/>
         <property name="logFolder" value="/bba.geek/Katalon/MyCdiscount/Reports/test1/20181107_212148"/>
         <property name="logFiles" value="/bba.geek/Katalon/MyCdiscount/Reports/test1/20181107_212148/execution0.log"/>
         <property name="attachments" value=""/>
         <property name="hostName" value="bertrandbatoge - 192.168.0.17"/>
         <property name="os" value="Mac OS X 64bit"/>
         <property name="katalonVersion" value="5.8.6.1"/>
         <property name="browser" value="Firefox 57.0"/>
         <property name="hostAddress" value="192.168.0.17"/>
         <property name="sessionId" value="cb613f8f-b27a-b445-8297-ec8be50c9bc5"/>
         <property name="seleniumVersion" value="3.7.1"/>
         <property name="proxyInformation" value="ProxyInformation{proxyOption=NO_PROXY, proxyServerType=HTTP, password=, proxyServerAddress=, proxyServerPort=0}"/>
         <property name="platform" value="Mac OS X"/>
      </properties>
      <testcase name="Test Cases/test keyword" classname="Test Cases/test keyword" status="PASSED">
         <system-out><![CDATA[2018-11-07 21:21:52 - [TEST_CASE][PASSED] - Test Cases/test keyword: Test Cases/test keyword

2018-11-07 21:21:52 - [TEST_STEP][PASSED] - Start listener action : BeforeTestCase: Navigate to 'http://www.cdiscount.com' successfully

2018-11-07 21:21:52 - [TEST_STEP][PASSED] - Statement - println(testCaseContext.getTestCaseId()): null

2018-11-07 21:21:52 - [TEST_STEP][PASSED] - Statement - println(testCaseContext.getTestCaseVariables()): null

2018-11-07 21:21:52 - [TEST_STEP][PASSED] - openBrowser: Browser is opened with url: ''

2018-11-07 21:21:59 - [MESSAGE][PASSED] - Browser is opened with url: ''

2018-11-07 21:21:59 - [TEST_STEP][PASSED] - navigateToUrl: Navigate to 'http://www.cdiscount.com' successfully

2018-11-07 21:22:01 - [MESSAGE][PASSED] - Navigate to 'http://www.cdiscount.com' successfully

2018-11-07 21:22:02 - [TEST_STEP][PASSED] - cds.actions.Header_Recherche.Cherche: cds.actions.Header_Recherche.Cherche is PASSED

2018-11-07 21:22:02 - [MESSAGE][PASSED] - Text 'iPhoneX' is set on object 'Object Repository/Cdiscount Front PC/Arche/Header/Rechercher/input_Rechercher'

2018-11-07 21:22:18 - [MESSAGE][PASSED] - Object: 'Object Repository/Cdiscount Front PC/Arche/Header/Rechercher/button_Rechercher' is clicked on

2018-11-07 21:22:18 - [MESSAGE][PASSED] - cds.actions.Header_Recherche.Cherche is PASSED

2018-11-07 21:22:18 - [TEST_STEP][PASSED] - cds.actions.Header_MonCompte.Connecte: cds.actions.Header_MonCompte.Connecte is PASSED

2018-11-07 21:22:22 - [MESSAGE][PASSED] - Object: 'Object Repository/Cdiscount Front PC/Arche/Header/MonCompte/link_MonCompte' is clicked on

2018-11-07 21:22:22 - [MESSAGE][PASSED] - Text 'toto' is set on object 'Object Repository/Cdiscount CustomerZone/Authentification/input__loginEmail'

2018-11-07 21:22:23 - [MESSAGE][PASSED] - Text 'titi' is set on object 'Object Repository/Cdiscount CustomerZone/Authentification/input__loginPassword'

2018-11-07 21:22:23 - [MESSAGE][PASSED] - Object: 'Object Repository/Cdiscount CustomerZone/Authentification/button_ValiderLogin' is clicked on

2018-11-07 21:22:23 - [MESSAGE][PASSED] - cds.actions.Header_MonCompte.Connecte is PASSED

2018-11-07 21:22:23 - [TEST_STEP][PASSED] - Start listener action : AfterTestCase: Browser is closed

2018-11-07 21:22:23 - [TEST_STEP][PASSED] - Statement - println(testCaseContext.getTestCaseId()): null

2018-11-07 21:22:23 - [TEST_STEP][PASSED] - Statement - println(testCaseContext.getTestCaseStatus()): null

2018-11-07 21:22:23 - [TEST_STEP][PASSED] - closeBrowser: Browser is closed

2018-11-07 21:22:24 - [MESSAGE][PASSED] - Browser is closed]]></system-out>
         <system-err><![CDATA[]]></system-err>
      </testcase>
      <testcase name="Test Cases/test keyword" classname="Test Cases/test keyword" status="PASSED">
         <system-out><![CDATA[2018-11-07 21:22:24 - [TEST_CASE][PASSED] - Test Cases/test keyword: Test Cases/test keyword

2018-11-07 21:22:24 - [TEST_STEP][PASSED] - Start listener action : BeforeTestCase: Navigate to 'http://www.cdiscount.com' successfully

2018-11-07 21:22:24 - [TEST_STEP][PASSED] - Statement - println(testCaseContext.getTestCaseId()): null

2018-11-07 21:22:24 - [TEST_STEP][PASSED] - Statement - println(testCaseContext.getTestCaseVariables()): null

2018-11-07 21:22:24 - [TEST_STEP][PASSED] - openBrowser: Browser is opened with url: ''

2018-11-07 21:22:29 - [MESSAGE][PASSED] - Browser is opened with url: ''

2018-11-07 21:22:29 - [TEST_STEP][PASSED] - navigateToUrl: Navigate to 'http://www.cdiscount.com' successfully

2018-11-07 21:22:32 - [MESSAGE][PASSED] - Navigate to 'http://www.cdiscount.com' successfully

2018-11-07 21:22:32 - [TEST_STEP][PASSED] - cds.actions.Header_Recherche.Cherche: cds.actions.Header_Recherche.Cherche is PASSED

2018-11-07 21:22:33 - [MESSAGE][PASSED] - Text 'Samsung Galaxy S8' is set on object 'Object Repository/Cdiscount Front PC/Arche/Header/Rechercher/input_Rechercher'

2018-11-07 21:22:45 - [MESSAGE][PASSED] - Object: 'Object Repository/Cdiscount Front PC/Arche/Header/Rechercher/button_Rechercher' is clicked on

2018-11-07 21:22:45 - [MESSAGE][PASSED] - cds.actions.Header_Recherche.Cherche is PASSED

2018-11-07 21:22:45 - [TEST_STEP][PASSED] - cds.actions.Header_MonCompte.Connecte: cds.actions.Header_MonCompte.Connecte is PASSED

2018-11-07 21:22:49 - [MESSAGE][PASSED] - Object: 'Object Repository/Cdiscount Front PC/Arche/Header/MonCompte/link_MonCompte' is clicked on

2018-11-07 21:22:49 - [MESSAGE][PASSED] - Text 'toto' is set on object 'Object Repository/Cdiscount CustomerZone/Authentification/input__loginEmail'

2018-11-07 21:22:49 - [MESSAGE][PASSED] - Text 'titi' is set on object 'Object Repository/Cdiscount CustomerZone/Authentification/input__loginPassword'

2018-11-07 21:22:50 - [MESSAGE][PASSED] - Object: 'Object Repository/Cdiscount CustomerZone/Authentification/button_ValiderLogin' is clicked on

2018-11-07 21:22:50 - [MESSAGE][PASSED] - cds.actions.Header_MonCompte.Connecte is PASSED

2018-11-07 21:22:50 - [TEST_STEP][PASSED] - Start listener action : AfterTestCase: Browser is closed

2018-11-07 21:22:50 - [TEST_STEP][PASSED] - Statement - println(testCaseContext.getTestCaseId()): null

2018-11-07 21:22:50 - [TEST_STEP][PASSED] - Statement - println(testCaseContext.getTestCaseStatus()): null

2018-11-07 21:22:50 - [TEST_STEP][PASSED] - closeBrowser: Browser is closed

2018-11-07 21:22:52 - [MESSAGE][PASSED] - Browser is closed]]></system-out>
         <system-err><![CDATA[]]></system-err>
      </testcase>
      <testcase name="Test Cases/test keyword" classname="Test Cases/test keyword" status="PASSED">
         <system-out><![CDATA[2018-11-07 21:22:52 - [TEST_CASE][PASSED] - Test Cases/test keyword: Test Cases/test keyword

2018-11-07 21:22:52 - [TEST_STEP][PASSED] - Start listener action : BeforeTestCase: Navigate to 'http://www.cdiscount.com' successfully

2018-11-07 21:22:52 - [TEST_STEP][PASSED] - Statement - println(testCaseContext.getTestCaseId()): null

2018-11-07 21:22:52 - [TEST_STEP][PASSED] - Statement - println(testCaseContext.getTestCaseVariables()): null

2018-11-07 21:22:52 - [TEST_STEP][PASSED] - openBrowser: Browser is opened with url: ''

2018-11-07 21:22:59 - [MESSAGE][PASSED] - Browser is opened with url: ''

2018-11-07 21:22:59 - [TEST_STEP][PASSED] - navigateToUrl: Navigate to 'http://www.cdiscount.com' successfully

2018-11-07 21:23:01 - [MESSAGE][PASSED] - Navigate to 'http://www.cdiscount.com' successfully

2018-11-07 21:23:01 - [TEST_STEP][PASSED] - cds.actions.Header_Recherche.Cherche: cds.actions.Header_Recherche.Cherche is PASSED

2018-11-07 21:23:01 - [MESSAGE][PASSED] - Text 'Mario' is set on object 'Object Repository/Cdiscount Front PC/Arche/Header/Rechercher/input_Rechercher'

2018-11-07 21:23:11 - [MESSAGE][PASSED] - Object: 'Object Repository/Cdiscount Front PC/Arche/Header/Rechercher/button_Rechercher' is clicked on

2018-11-07 21:23:11 - [MESSAGE][PASSED] - cds.actions.Header_Recherche.Cherche is PASSED

2018-11-07 21:23:11 - [TEST_STEP][PASSED] - cds.actions.Header_MonCompte.Connecte: cds.actions.Header_MonCompte.Connecte is PASSED

2018-11-07 21:23:16 - [MESSAGE][PASSED] - Object: 'Object Repository/Cdiscount Front PC/Arche/Header/MonCompte/link_MonCompte' is clicked on

2018-11-07 21:23:19 - [MESSAGE][PASSED] - Text 'toto' is set on object 'Object Repository/Cdiscount CustomerZone/Authentification/input__loginEmail'

2018-11-07 21:23:19 - [MESSAGE][PASSED] - Text 'titi' is set on object 'Object Repository/Cdiscount CustomerZone/Authentification/input__loginPassword'

2018-11-07 21:23:20 - [MESSAGE][PASSED] - Object: 'Object Repository/Cdiscount CustomerZone/Authentification/button_ValiderLogin' is clicked on

2018-11-07 21:23:20 - [MESSAGE][PASSED] - cds.actions.Header_MonCompte.Connecte is PASSED

2018-11-07 21:23:20 - [TEST_STEP][PASSED] - Start listener action : AfterTestCase: Browser is closed

2018-11-07 21:23:20 - [TEST_STEP][PASSED] - Statement - println(testCaseContext.getTestCaseId()): null

2018-11-07 21:23:20 - [TEST_STEP][PASSED] - Statement - println(testCaseContext.getTestCaseStatus()): null

2018-11-07 21:23:20 - [TEST_STEP][PASSED] - closeBrowser: Browser is closed

2018-11-07 21:23:21 - [MESSAGE][PASSED] - Browser is closed]]></system-out>
         <system-err><![CDATA[]]></system-err>
      </testcase>
      <system-out><![CDATA[2018-11-07 21:21:52 - [TEST_SUITE][PASSED] - test1: Test Cases/test keyword]]></system-out>
      <system-err><![CDATA[]]></system-err>
   </testsuite>
</testsuites>
